  stdafx.cpp
  Face Identification.cpp
C:\Users\XXC\Desktop\GITUpload\Human-Face-Entrance-Guard-System\Face Identification\ArcFace\include\merror.h : warning C4819: 该文件包含不能在当前代码页(936)中表示的字符。请将该文件保存为 Unicode 格式以防止数据丢失
  Face IdentificationDlg.cpp
C:\Users\XXC\Desktop\GITUpload\Human-Face-Entrance-Guard-System\Face Identification\ArcFace\include\merror.h : warning C4819: 该文件包含不能在当前代码页(936)中表示的字符。请将该文件保存为 Unicode 格式以防止数据丢失
Face IdentificationDlg.cpp(236): warning C4244: “参数”: 从“double”转换到“int”，可能丢失数据
  FaceComparison.cpp
C:\Users\XXC\Desktop\GITUpload\Human-Face-Entrance-Guard-System\Face Identification\ArcFace\include\merror.h : warning C4819: 该文件包含不能在当前代码页(936)中表示的字符。请将该文件保存为 Unicode 格式以防止数据丢失
FaceComparison.cpp(110): warning C4244: “=”: 从“MFloat”转换到“int”，可能丢失数据
FaceComparison.cpp(278): warning C4244: “=”: 从“int”转换到“float”，可能丢失数据
FaceComparison.cpp(279): warning C4244: “=”: 从“int”转换到“float”，可能丢失数据
FaceComparison.cpp(284): warning C4244: “=”: 从“int”转换到“float”，可能丢失数据
FaceComparison.cpp(287): warning C4244: “=”: 从“int”转换到“float”，可能丢失数据
FaceComparison.cpp(288): warning C4244: “=”: 从“int”转换到“float”，可能丢失数据
FaceComparison.cpp(289): warning C4244: “=”: 从“int”转换到“float”，可能丢失数据
FaceComparison.cpp(290): warning C4244: “=”: 从“double”转换到“float”，可能丢失数据
FaceComparison.cpp(292): warning C4244: “=”: 从“double”转换到“float”，可能丢失数据
FaceComparison.cpp(293): warning C4244: “=”: 从“int”转换到“float”，可能丢失数据
FaceComparison.cpp(295): warning C4244: “=”: 从“double”转换到“float”，可能丢失数据
FaceComparison.cpp(296): warning C4244: “=”: 从“int”转换到“float”，可能丢失数据
FaceComparison.cpp(297): warning C4244: “=”: 从“double”转换到“float”，可能丢失数据
FaceComparison.cpp(316): warning C4244: “=”: 从“int”转换到“float”，可能丢失数据
FaceComparison.cpp(317): warning C4244: “=”: 从“int”转换到“float”，可能丢失数据
FaceComparison.cpp(322): warning C4244: “=”: 从“int”转换到“float”，可能丢失数据
FaceComparison.cpp(325): warning C4244: “=”: 从“int”转换到“float”，可能丢失数据
FaceComparison.cpp(326): warning C4244: “=”: 从“int”转换到“float”，可能丢失数据
FaceComparison.cpp(327): warning C4244: “=”: 从“int”转换到“float”，可能丢失数据
FaceComparison.cpp(328): warning C4244: “=”: 从“double”转换到“float”，可能丢失数据
FaceComparison.cpp(330): warning C4244: “=”: 从“double”转换到“float”，可能丢失数据
FaceComparison.cpp(331): warning C4244: “=”: 从“int”转换到“float”，可能丢失数据
FaceComparison.cpp(333): warning C4244: “=”: 从“double”转换到“float”，可能丢失数据
FaceComparison.cpp(334): warning C4244: “=”: 从“int”转换到“float”，可能丢失数据
FaceComparison.cpp(335): warning C4244: “=”: 从“double”转换到“float”，可能丢失数据
FaceComparison.cpp(353): warning C4244: “=”: 从“int”转换到“float”，可能丢失数据
FaceComparison.cpp(354): warning C4244: “=”: 从“int”转换到“float”，可能丢失数据
FaceComparison.cpp(356): warning C4244: “=”: 从“float”转换到“int”，可能丢失数据
FaceComparison.cpp(358): warning C4244: “=”: 从“float”转换到“int”，可能丢失数据
FaceComparison.cpp(445): warning C4244: “参数”: 从“float”转换到“int”，可能丢失数据
FaceComparison.cpp(257): warning C4101: “clockEnd”: 未引用的局部变量
  FaceDatabase.cpp
C:\Users\XXC\Desktop\GITUpload\Human-Face-Entrance-Guard-System\Face Identification\ArcFace\include\merror.h : warning C4819: 该文件包含不能在当前代码页(936)中表示的字符。请将该文件保存为 Unicode 格式以防止数据丢失
FaceDatabase.cpp(97): warning C4267: “参数”: 从“size_t”转换到“int”，可能丢失数据
FaceDatabase.cpp(125): warning C4267: “参数”: 从“size_t”转换到“int”，可能丢失数据
FaceDatabase.cpp(135): warning C4267: “参数”: 从“size_t”转换到“int”，可能丢失数据
FaceDatabase.cpp(147): warning C4267: “参数”: 从“size_t”转换到“int”，可能丢失数据
FaceDatabase.cpp(176): warning C4267: “参数”: 从“size_t”转换到“int”，可能丢失数据
FaceDatabase.cpp(188): warning C4267: “参数”: 从“size_t”转换到“int”，可能丢失数据
FaceDatabase.cpp(198): warning C4267: “参数”: 从“size_t”转换到“int”，可能丢失数据
FaceDatabase.cpp(169): warning C4996: 'localtime': This function or variable may be unsafe. Consider using localtime_s instead. To disable deprecation, use _CRT_SECURE_NO_WARNINGS. See online help for details.
  C:\Program Files (x86)\Windows Kits\10\Include\10.0.16299.0\ucrt\time.h(505): note: 参见“localtime”的声明
  FaceIdentification.cpp
C:\Users\XXC\Desktop\GITUpload\Human-Face-Entrance-Guard-System\Face Identification\ArcFace\include\merror.h : warning C4819: 该文件包含不能在当前代码页(936)中表示的字符。请将该文件保存为 Unicode 格式以防止数据丢失
FaceIdentification.cpp(390): warning C4244: “=”: 从“double”转换到“int”，可能丢失数据
FaceIdentification.cpp(391): warning C4244: “=”: 从“double”转换到“int”，可能丢失数据
  putText.cpp
putText.cpp(7): warning C4267: “参数”: 从“size_t”转换到“int”，可能丢失数据
putText.cpp(108): warning C4267: “参数”: 从“size_t”转换到“int”，可能丢失数据
putText.cpp(113): warning C4267: “初始化”: 从“size_t”转换到“int”，可能丢失数据
putText.cpp(124): warning C4244: “初始化”: 从“double”转换到“int”，可能丢失数据
  RegisterNewUser.cpp
C:\Users\XXC\Desktop\GITUpload\Human-Face-Entrance-Guard-System\Face Identification\ArcFace\include\merror.h : warning C4819: 该文件包含不能在当前代码页(936)中表示的字符。请将该文件保存为 Unicode 格式以防止数据丢失
RegisterNewUser.cpp(131): warning C4244: “参数”: 从“double”转换到“int”，可能丢失数据
RegisterNewUser.cpp(181): warning C4244: “参数”: 从“double”转换到“int”，可能丢失数据
opencv_world341.lib(opencv_world341.dll) : fatal error LNK1112: 模块计算机类型“x86”与目标计算机类型“x64”冲突
